scripts/kconfig/conf --silentoldconfig Kconfig
  CHK     include/linux/version.h
make[1]: Nothing to be done for 'arch/arm/boot/dtbs'.
  CHK     include/generated/utsrelease.h
make[1]: 'include/generated/mach-types.h' is up to date.
  CALL    scripts/checksyscalls.sh
  CHK     include/generated/compile.h
  CC      fs/ext4/super.o
  CC      fs/f2fs/dir.o
  GZIP    kernel/config_data.gz
  CHK     kernel/config_data.h
  CC      block/partition-generic.o
  CC      block/partitions/check.o
  CC      block/partitions/msdos.o
  CC      fs/f2fs/file.o
  CC      block/bsg.o
  CC      block/partitions/efi.o
  CC      block/bfq-iosched.o
  LD      block/partitions/built-in.o
  CC      block/cfq-iosched.o
  CC      fs/f2fs/inode.o
  CC      fs/f2fs/namei.o
  CC      block/deadline-iosched.o
  CC      block/fifo-iosched.o
  CC      block/fiops-iosched.o
  CC      fs/f2fs/hash.o
  CC      fs/f2fs/super.o
  CC      fs/f2fs/inline.o
  CC      block/maple-iosched.o
  CC      block/noop-iosched.o
  CC      fs/f2fs/checkpoint.o
  CC      fs/ext4/resize.o
  CC      block/row-iosched.o
  CC      block/sio-iosched.o
  CC      fs/f2fs/gc.o
  CC      fs/ext4/extents.o
  CC      block/sioplus-iosched.o
  CC      fs/f2fs/data.o
  CC      block/tripndroid-iosched.o
  CC      fs/f2fs/node.o
  CC      block/vr-iosched.o
  CC      block/zen-iosched.o
  CC      fs/f2fs/segment.o
  LD      block/built-in.o
  CC      drivers/base/power/wakeup.o
  CC      fs/ext4/ext4_jbd2.o
  CC      fs/f2fs/recovery.o
scripts/Makefile.build:307: recipe for target 'drivers/base/power/wakeup.o' failed
scripts/Makefile.build:443: recipe for target 'drivers/base/power' failed
scripts/Makefile.build:443: recipe for target 'drivers/base' failed
Makefile:950: recipe for target 'drivers' failed
  CC      fs/f2fs/shrinker.o
  CC      fs/ext4/migrate.o
  CC      fs/f2fs/extent_cache.o
  CC      fs/f2fs/debug.o
  CC      fs/ext4/mballoc.o
  CC      fs/f2fs/xattr.o
  CC      fs/fat/cache.o
  CC      fs/f2fs/acl.o
  CC      fs/fat/dir.o
  CC      fs/fuse/dev.o
  LD      fs/f2fs/f2fs.o
  LD      fs/f2fs/built-in.o
  CC      fs/fuse/dir.o
  CC      fs/fat/fatent.o
scripts/Makefile.build:307: recipe for target 'fs/fuse/dev.o' failed
scripts/Makefile.build:307: recipe for target 'fs/ext4/mballoc.o' failed
scripts/Makefile.build:443: recipe for target 'fs/ext4' failed
scripts/Makefile.build:307: recipe for target 'fs/fuse/dir.o' failed
scripts/Makefile.build:443: recipe for target 'fs/fuse' failed
scripts/Makefile.build:307: recipe for target 'fs/fat/fatent.o' failed
scripts/Makefile.build:443: recipe for target 'fs/fat' failed
Makefile:950: recipe for target 'fs' failed
